<?xml version="1.0" encoding="UTF-8"?>
<!-- Generated by org.testng.reporters.JUnitXMLReporter -->
<testsuite hostname="DESKTOP-S5GH85J" ignored="20" name="Test" tests="6" failures="0" timestamp="07 Dec 2019 06:46:53 GMT" time="552.263" errors="0">
  <testcase name="headerlink" time="17.39" classname="testcases.Sheet1_HeaderLinks"/>
  <testcase name="footerlinks" time="7.907" classname="testcases.Sheet1_FooterLinks"/>
  <testcase name="createanAccount" time="34.842" classname="testcases.Sheet2_CreateanAccount"/>
  <testcase name="Loggingout" time="51.717" classname="testcases.Sheet2_Logout"/>
  <testcase name="Login" time="86.079" classname="testcases.Sheet2_LoginFlow"/>
  <testcase name="LoginwithInvalidPasswor" time="52.622" classname="testcases.Sheet2_LoginwithInvalidPassword"/>
  <testcase name="@AfterTest afterTest" time="0.0" classname="wdMethods.ProjectMethods">
    <ignored/>
  </testcase> <!-- @AfterTest afterTest -->
  <testcase name="@AfterTest afterTest" time="0.0" classname="wdMethods.ProjectMethods">
    <ignored/>
  </testcase> <!-- @AfterTest afterTest -->
  <testcase name="@AfterTest afterTest" time="0.0" classname="wdMethods.ProjectMethods">
    <ignored/>
  </testcase> <!-- @AfterTest afterTest -->
  <testcase name="@AfterTest afterTest" time="0.0" classname="wdMethods.ProjectMethods">
    <ignored/>
  </testcase> <!-- @AfterTest afterTest -->
  <testcase name="@AfterTest afterTest" time="0.0" classname="wdMethods.ProjectMethods">
    <ignored/>
  </testcase> <!-- @AfterTest afterTest -->
  <testcase name="@BeforeSuite beforeSuite" time="0.0" classname="wdMethods.ProjectMethods">
    <ignored/>
  </testcase> <!-- @BeforeSuite beforeSuite -->
  <testcase name="@BeforeSuite beforeSuite" time="0.0" classname="wdMethods.ProjectMethods">
    <ignored/>
  </testcase> <!-- @BeforeSuite beforeSuite -->
  <testcase name="@BeforeSuite beforeSuite" time="0.0" classname="wdMethods.ProjectMethods">
    <ignored/>
  </testcase> <!-- @BeforeSuite beforeSuite -->
  <testcase name="@BeforeSuite beforeSuite" time="0.0" classname="wdMethods.ProjectMethods">
    <ignored/>
  </testcase> <!-- @BeforeSuite beforeSuite -->
  <testcase name="@BeforeSuite beforeSuite" time="0.0" classname="wdMethods.ProjectMethods">
    <ignored/>
  </testcase> <!-- @BeforeSuite beforeSuite -->
  <testcase name="@AfterSuite afterSuite" time="0.0" classname="wdMethods.ProjectMethods">
    <ignored/>
  </testcase> <!-- @AfterSuite afterSuite -->
  <testcase name="@AfterSuite afterSuite" time="0.0" classname="wdMethods.ProjectMethods">
    <ignored/>
  </testcase> <!-- @AfterSuite afterSuite -->
  <testcase name="@AfterSuite afterSuite" time="0.0" classname="wdMethods.ProjectMethods">
    <ignored/>
  </testcase> <!-- @AfterSuite afterSuite -->
  <testcase name="@AfterSuite afterSuite" time="0.0" classname="wdMethods.ProjectMethods">
    <ignored/>
  </testcase> <!-- @AfterSuite afterSuite -->
  <testcase name="@AfterSuite afterSuite" time="0.0" classname="wdMethods.ProjectMethods">
    <ignored/>
  </testcase> <!-- @AfterSuite afterSuite -->
  <testcase name="@AfterSuite startResult" time="0.0" classname="utils.Reporter">
    <ignored/>
  </testcase> <!-- @AfterSuite startResult -->
  <testcase name="@AfterSuite startResult" time="0.0" classname="utils.Reporter">
    <ignored/>
  </testcase> <!-- @AfterSuite startResult -->
  <testcase name="@AfterSuite startResult" time="0.0" classname="utils.Reporter">
    <ignored/>
  </testcase> <!-- @AfterSuite startResult -->
  <testcase name="@AfterSuite startResult" time="0.0" classname="utils.Reporter">
    <ignored/>
  </testcase> <!-- @AfterSuite startResult -->
  <testcase name="@AfterSuite startResult" time="0.0" classname="utils.Reporter">
    <ignored/>
  </testcase> <!-- @AfterSuite startResult -->
</testsuite> <!-- Test -->
