<?xml version="1.0" encoding="UTF-8"?>
<testng-results skipped="0" failed="0" ignored="0" total="1" passed="1">
  <reporter-output>
  </reporter-output>
  <suite name="Default suite" duration-ms="465641" started-at="2019-12-07T09:48:16Z" finished-at="2019-12-07T09:56:02Z">
    <groups>
    </groups>
    <test name="Default test" duration-ms="465641" started-at="2019-12-07T09:48:16Z" finished-at="2019-12-07T09:56:02Z">
      <class name="testcases.Sheet2_rrs_kids_guestcheckout">
        <test-method status="PASS" signature="beforeSuite()[pri:0, instance:testcases.Sheet2_rrs_kids_guestcheckout@2a67b4]" name="beforeSuite" is-config="true" duration-ms="1688" started-at="2019-12-07T09:48:15Z" finished-at="2019-12-07T09:48:16Z">
          <reporter-output>
          </reporter-output>
        </test-method> <!-- beforeSuite -->
        <test-method status="PASS" signature="setData()[pri:0, instance:testcases.Sheet2_rrs_kids_guestcheckout@2a67b4]" name="setData" is-config="true" duration-ms="0" started-at="2019-12-07T09:48:16Z" finished-at="2019-12-07T09:48:16Z">
          <reporter-output>
          </reporter-output>
        </test-method> <!-- setData -->
        <test-method status="PASS" signature="beforeClass()[pri:0, instance:testcases.Sheet2_rrs_kids_guestcheckout@2a67b4]" name="beforeClass" is-config="true" duration-ms="0" started-at="2019-12-07T09:48:16Z" finished-at="2019-12-07T09:48:16Z">
          <reporter-output>
          </reporter-output>
        </test-method> <!-- beforeClass -->
        <test-method status="PASS" signature="beforeMethod()[pri:0, instance:testcases.Sheet2_rrs_kids_guestcheckout@2a67b4]" name="beforeMethod" is-config="true" duration-ms="152989" started-at="2019-12-07T09:48:19Z" finished-at="2019-12-07T09:50:52Z">
          <reporter-output>
          </reporter-output>
        </test-method> <!-- beforeMethod -->
        <test-method status="PASS" signature="orders(java.lang.String, java.lang.String, java.lang.String, java.lang.String, java.lang.String, java.lang.String, java.lang.String, java.lang.String, java.lang.String, java.lang.String, java.lang.String, java.lang.String, java.lang.String, java.lang.String, java.lang.String)[pri:0, instance:testcases.Sheet2_rrs_kids_guestcheckout@2a67b4]" name="orders" duration-ms="310108" started-at="2019-12-07T09:50:52Z" data-provider="fetchData" finished-at="2019-12-07T09:56:02Z">
          <params>
            <param index="0">
              <value>
                <![CDATA[u.arjunkumar@gmail.com]]>
              </value>
            </param>
            <param index="1">
              <value>
                <![CDATA[//*[@id='email' and @title='Please enter a valid email address']]]>
              </value>
            </param>
            <param index="2">
              <value>
                <![CDATA[u.arjunkuar@gmail.com]]>
              </value>
            </param>
            <param index="3">
              <value>
                <![CDATA[//*[contains(@id,'phone_number')]]]>
              </value>
            </param>
            <param index="4">
              <value>
                <![CDATA[8007433206]]>
              </value>
            </param>
            <param index="5">
              <value>
                <![CDATA[arjun]]>
              </value>
            </param>
            <param index="6">
              <value>
                <![CDATA[kumar]]>
              </value>
            </param>
            <param index="7">
              <value>
                <![CDATA[California]]>
              </value>
            </param>
            <param index="8">
              <value>
                <![CDATA[San Francisco]]>
              </value>
            </param>
            <param index="9">
              <value>
                <![CDATA[C]]>
              </value>
            </param>
            <param index="10">
              <value>
                <![CDATA[94016]]>
              </value>
            </param>
            <param index="11">
              <value>
                <![CDATA[arjun kumar]]>
              </value>
            </param>
            <param index="12">
              <value>
                <![CDATA[4111111111111111]]>
              </value>
            </param>
            <param index="13">
              <value>
                <![CDATA[2020]]>
              </value>
            </param>
            <param index="14">
              <value>
                <![CDATA[123]]>
              </value>
            </param>
          </params>
          <reporter-output>
          </reporter-output>
        </test-method> <!-- orders -->
        <test-method status="PASS" signature="afterMethod()[pri:0, instance:testcases.Sheet2_rrs_kids_guestcheckout@2a67b4]" name="afterMethod" is-config="true" duration-ms="0" started-at="2019-12-07T09:56:02Z" finished-at="2019-12-07T09:56:02Z">
          <reporter-output>
          </reporter-output>
        </test-method> <!-- afterMethod -->
        <test-method status="PASS" signature="afterTest()[pri:0, instance:testcases.Sheet2_rrs_kids_guestcheckout@2a67b4]" name="afterTest" is-config="true" duration-ms="0" started-at="2019-12-07T09:56:02Z" finished-at="2019-12-07T09:56:02Z">
          <reporter-output>
          </reporter-output>
        </test-method> <!-- afterTest -->
        <test-method status="PASS" signature="afterSuite()[pri:0, instance:testcases.Sheet2_rrs_kids_guestcheckout@2a67b4]" name="afterSuite" is-config="true" duration-ms="4694" started-at="2019-12-07T09:56:09Z" finished-at="2019-12-07T09:56:14Z">
          <reporter-output>
          </reporter-output>
        </test-method> <!-- afterSuite -->
        <test-method status="PASS" signature="startResult()[pri:0, instance:testcases.Sheet2_rrs_kids_guestcheckout@2a67b4]" name="startResult" is-config="true" duration-ms="265" started-at="2019-12-07T09:56:14Z" depends-on-methods="wdMethods.ProjectMethods.afterSuite" finished-at="2019-12-07T09:56:14Z">
          <reporter-output>
          </reporter-output>
        </test-method> <!-- startResult -->
      </class> <!-- testcases.Sheet2_rrs_kids_guestcheckout -->
    </test> <!-- Default test -->
  </suite> <!-- Default suite -->
</testng-results>
